<?xml version="1.0" encoding="UTF-8"?>
<robot generator="Robot 6.0.2 (Python 3.11.1 on win32)" generated="20230314 21:48:48.100" rpa="false" schemaversion="3">
<suite id="s1" name="Promptbox" source="D:\DOJOBOX\BelajarRobotFramework\promptbox.robot">
<test id="s1-t1" name="i want to click prompt box to see alerts" line="11">
<kw name="Open Browser" library="SeleniumLibrary" type="SETUP">
<arg>${openurl}</arg>
<arg>${browsertype}</arg>
<doc>Opens a new browser instance to the optional ``url``.</doc>
<msg timestamp="20230314 21:48:48.234" level="INFO">Opening browser 'edge' to base url 'https://demoqa.com/alerts'.</msg>
<status status="PASS" starttime="20230314 21:48:48.234" endtime="20230314 21:48:55.866"/>
</kw>
<kw name="Maximize Browser Window" library="SeleniumLibrary">
<doc>Maximizes current browser window.</doc>
<status status="PASS" starttime="20230314 21:48:55.866" endtime="20230314 21:48:55.993"/>
</kw>
<kw name="Wait Until Element Is Visible" library="SeleniumLibrary">
<arg>//*[@id="alertButton"]</arg>
<doc>Waits until the element ``locator`` is visible.</doc>
<status status="PASS" starttime="20230314 21:48:55.994" endtime="20230314 21:48:56.013"/>
</kw>
<kw name="Click Element" library="SeleniumLibrary">
<arg>//*[@id="alertButton"]</arg>
<doc>Click the element identified by ``locator``.</doc>
<msg timestamp="20230314 21:48:56.014" level="INFO">Clicking element '//*[@id="alertButton"]'.</msg>
<status status="PASS" starttime="20230314 21:48:56.013" endtime="20230314 21:48:56.038"/>
</kw>
<kw name="Alert Should Be Present" library="SeleniumLibrary">
<arg>You clicked a button</arg>
<doc>Verifies that an alert is present and by default, accepts it.</doc>
<msg timestamp="20230314 21:48:56.038" level="INFO">HANDLE::&lt;class 'NoneType'&gt;::None</msg>
<status status="PASS" starttime="20230314 21:48:56.038" endtime="20230314 21:48:56.042"/>
</kw>
<kw name="Close Browser" library="SeleniumLibrary" type="TEARDOWN">
<doc>Closes the current browser.</doc>
<status status="PASS" starttime="20230314 21:48:56.042" endtime="20230314 21:48:58.142"/>
</kw>
<status status="PASS" starttime="20230314 21:48:48.233" endtime="20230314 21:48:58.143"/>
</test>
<status status="PASS" starttime="20230314 21:48:48.101" endtime="20230314 21:48:58.144"/>
</suite>
<statistics>
<total>
<stat pass="1" fail="0" skip="0">All Tests</stat>
</total>
<tag>
</tag>
<suite>
<stat pass="1" fail="0" skip="0" id="s1" name="Promptbox">Promptbox</stat>
</suite>
</statistics>
<errors>
</errors>
</robot>
